\BOOKMARK [0][-]{chapter.1}{Introduction}{}% 1
\BOOKMARK [1][-]{section.1.1}{Social Networks}{chapter.1}% 2
\BOOKMARK [1][-]{section.1.2}{DeepDepth}{chapter.1}% 3
\BOOKMARK [1][-]{section.1.3}{Related works}{chapter.1}% 4
\BOOKMARK [1][-]{section.1.4}{Challenges}{chapter.1}% 5
\BOOKMARK [0][-]{chapter.2}{DeepDepth}{}% 6
\BOOKMARK [1][-]{section.2.1}{High-Level Description}{chapter.2}% 7
\BOOKMARK [2][-]{subsection.2.1.1}{Components}{section.2.1}% 8
\BOOKMARK [2][-]{subsection.2.1.2}{Technologies}{section.2.1}% 9
\BOOKMARK [1][-]{section.2.2}{Implementation}{chapter.2}% 10
\BOOKMARK [2][-]{subsection.2.2.1}{Server}{section.2.2}% 11
\BOOKMARK [3][-]{subsubsection.2.2.1.1}{Environments}{subsection.2.2.1}% 12
\BOOKMARK [3][-]{subsubsection.2.2.1.2}{Models}{subsection.2.2.1}% 13
\BOOKMARK [3][-]{subsubsection.2.2.1.3}{Controllers}{subsection.2.2.1}% 14
\BOOKMARK [3][-]{subsubsection.2.2.1.4}{Routes}{subsection.2.2.1}% 15
\BOOKMARK [3][-]{subsubsection.2.2.1.5}{Tasks}{subsection.2.2.1}% 16
\BOOKMARK [3][-]{subsubsection.2.2.1.6}{Views}{subsection.2.2.1}% 17
\BOOKMARK [3][-]{subsubsection.2.2.1.7}{Tests}{subsection.2.2.1}% 18
\BOOKMARK [2][-]{subsection.2.2.2}{Client}{section.2.2}% 19
\BOOKMARK [3][-]{subsubsection.2.2.2.1}{Modules}{subsection.2.2.2}% 20
\BOOKMARK [3][-]{subsubsection.2.2.2.2}{Config}{subsection.2.2.2}% 21
\BOOKMARK [3][-]{subsubsection.2.2.2.3}{Services}{subsection.2.2.2}% 22
\BOOKMARK [3][-]{subsubsection.2.2.2.4}{Views}{subsection.2.2.2}% 23
\BOOKMARK [3][-]{subsubsection.2.2.2.5}{Tests}{subsection.2.2.2}% 24
\BOOKMARK [0][-]{chapter.3}{Summary and Future Works}{}% 25
